

Started GET "/scope_inputs" for 127.0.0.1 at 2010-03-04 16:28:27
  [1m[36mSQL (0.1ms)[0m  [1mSET client_min_messages TO 'panic'[0m
  [1m[35mSQL (0.1ms)[0m  SET client_min_messages TO 'notice'
  [1m[36mSQL (34.8ms)[0m  [1mSET time zone 'UTC'[0m
  Processing by ScopeInputsController#index as HTML
  [1m[35mScopeInput Load (82.5ms)[0m  SELECT "scope_inputs".* FROM "scope_inputs"
  [1m[36mSQL (0.2ms)[0m  [1mSET client_min_messages TO 'panic'[0m
  [1m[35mSQL (0.1ms)[0m  SET client_min_messages TO 'notice'
  [1m[36mSQL (0.3ms)[0m  [1mSET time zone 'UTC'[0m

NoMethodError (undefined method `limit' for #<Array:0x1092fa4b8>):
  app/controllers/scope_inputs_controller.rb:5:in `index'

Rendered /Users/jonathanhicks/.bundle/ruby/1.8/bundler/gems/rails-16a5e918a06649ffac24fd5873b875daf66212ad-master/actionpack/lib/action_dispatch/middleware/templates/rescues/_trace.erb (0.7ms)
Rendered /Users/jonathanhicks/.bundle/ruby/1.8/bundler/gems/rails-16a5e918a06649ffac24fd5873b875daf66212ad-master/actionpack/lib/action_dispatch/middleware/templates/rescues/_request_and_response.erb (2.4ms)
Rendered /Users/jonathanhicks/.bundle/ruby/1.8/bundler/gems/rails-16a5e918a06649ffac24fd5873b875daf66212ad-master/actionpack/lib/action_dispatch/middleware/templates/rescues/diagnostics.erb within /Users/jonathanhicks/.bundle/ruby/1.8/bundler/gems/rails-16a5e918a06649ffac24fd5873b875daf66212ad-master/actionpack/lib/action_dispatch/middleware/templates/rescues/layout.erb (12.0ms)


Started GET "/scope_inputs" for 127.0.0.1 at 2010-03-04 16:30:13
  Processing by ScopeInputsController#index as HTML
  [1m[35mScopeInput Load (0.9ms)[0m  SELECT "scope_inputs".* FROM "scope_inputs" LIMIT 10
Rendered scope_inputs/index.html.erb within layouts/scope_inputs.html.erb (20.5ms)
Completed 200 OK in 27ms (Views: 21.6ms | ActiveRecord: 1.3ms)


Started GET "/rails/info/properties" for 127.0.0.1 at 2010-03-04 16:30:25
  [1m[36mSQL (0.1ms)[0m  [1mSET client_min_messages TO 'panic'[0m
  [1m[35mSQL (0.2ms)[0m  SET client_min_messages TO 'notice'
  [1m[36mSQL (0.3ms)[0m  [1mSET time zone 'UTC'[0m
  Processing by Rails::InfoController#properties as */*
Rendered inline template (0.2ms)
Completed 200 OK in 42ms (Views: 0.8ms | ActiveRecord: 0.4ms)


Started GET "/scope_inputs" for 127.0.0.1 at 2010-03-04 16:30:47
  [1m[35mSQL (0.1ms)[0m  SET client_min_messages TO 'panic'
  [1m[36mSQL (0.1ms)[0m  [1mSET client_min_messages TO 'notice'[0m
  [1m[35mSQL (0.3ms)[0m  SET time zone 'UTC'
  Processing by ScopeInputsController#index as HTML
  [1m[36mScopeInput Load (1.4ms)[0m  [1mSELECT "scope_inputs".* FROM "scope_inputs" LIMIT 10[0m
Rendered scope_inputs/index.html.erb within layouts/scope_inputs.html.erb (21.0ms)
Completed 200 OK in 28ms (Views: 21.4ms | ActiveRecord: 1.8ms)


Started GET "/scope_inputs/1" for 127.0.0.1 at 2010-03-04 16:30:53
  [1m[35mSQL (0.1ms)[0m  SET client_min_messages TO 'panic'
  [1m[36mSQL (0.1ms)[0m  [1mSET client_min_messages TO 'notice'[0m
  [1m[35mSQL (0.3ms)[0m  SET time zone 'UTC'
  Processing by ScopeInputsController#show as HTML
  Parameters: {"id"=>"1"}
  [1m[36mScopeInput Load (0.8ms)[0m  [1mSELECT "scope_inputs".* FROM "scope_inputs" WHERE ("scope_inputs"."id" = 1) LIMIT 1[0m
Rendered scope_inputs/show.html.erb within layouts/scope_inputs.html.erb (6.4ms)
Completed 200 OK in 18ms (Views: 8.4ms | ActiveRecord: 1.1ms)


Started GET "/scope_inputs" for 127.0.0.1 at 2010-03-04 16:30:54
  [1m[35mSQL (0.1ms)[0m  SET client_min_messages TO 'panic'
  [1m[36mSQL (0.1ms)[0m  [1mSET client_min_messages TO 'notice'[0m
  [1m[35mSQL (0.3ms)[0m  SET time zone 'UTC'
  Processing by ScopeInputsController#index as HTML
  [1m[36mScopeInput Load (1.4ms)[0m  [1mSELECT "scope_inputs".* FROM "scope_inputs" LIMIT 10[0m
Rendered scope_inputs/index.html.erb within layouts/scope_inputs.html.erb (20.4ms)
Completed 200 OK in 27ms (Views: 20.8ms | ActiveRecord: 1.7ms)


Started GET "/" for 127.0.0.1 at 2010-03-04 16:32:06
  [1m[36mSQL (0.3ms)[0m  [1mSET client_min_messages TO 'panic'[0m
  [1m[35mSQL (0.1ms)[0m  SET client_min_messages TO 'notice'
  [1m[36mSQL (0.3ms)[0m  [1mSET time zone 'UTC'[0m
  Processing by ScopeInputsController#index as HTML
  [1m[35mScopeInput Load (1.4ms)[0m  SELECT "scope_inputs".* FROM "scope_inputs" LIMIT 10
Rendered scope_inputs/index.html.erb within layouts/scope_inputs.html.erb (23.5ms)
Completed 200 OK in 31ms (Views: 24.4ms | ActiveRecord: 2.0ms)


Started GET "/scope_inputs" for 127.0.0.1 at 2010-03-04 16:38:57
  [1m[36mSQL (0.1ms)[0m  [1mSET client_min_messages TO 'panic'[0m
  [1m[35mSQL (0.1ms)[0m  SET client_min_messages TO 'notice'
  [1m[36mSQL (0.4ms)[0m  [1mSET time zone 'UTC'[0m
  Processing by ScopeInputsController#index as HTML
  [1m[35mScopeInput Load (1.5ms)[0m  SELECT "scope_inputs".* FROM "scope_inputs" LIMIT 10

ActionView::Template::Error (undefined method `scope_input_path' for #<Class>) on line #23 of /Users/jonathanhicks/Projects/sea_scripts/data_viewer/app/views/scope_inputs/index.html.erb:
20: 		<td><%= scope_input.energy %></td>
21: 		<td><%= scope_input.pixel %></td>
22: 		<td><%= scope_input.scan %></td>
23:     <td><%= link_to 'Show', scope_input %></td>
24:     <td><%= link_to 'Edit', edit_scope_input_path(scope_input) %></td>
25:     <td><%= link_to 'Destroy', scope_input, :confirm => 'Are you sure?', :method => :delete %></td>
26:   </tr>

    app/views/scope_inputs/index.html.erb:23:in `_render_template__1398222712_2164522580_0'
    app/views/scope_inputs/index.html.erb:14:in `_render_template__1398222712_2164522580_0'
    app/controllers/scope_inputs_controller.rb:6:in `index'

Rendered /Users/jonathanhicks/.bundle/ruby/1.8/bundler/gems/rails-16a5e918a06649ffac24fd5873b875daf66212ad-master/actionpack/lib/action_dispatch/middleware/templates/rescues/_trace.erb (0.7ms)
  [1m[36mSQL (0.3ms)[0m  [1mSET client_min_messages TO 'panic'[0m
  [1m[35mSQL (0.1ms)[0m  SET client_min_messages TO 'notice'
  [1m[36mSQL (0.3ms)[0m  [1mSET time zone 'UTC'[0m
Rendered /Users/jonathanhicks/.bundle/ruby/1.8/bundler/gems/rails-16a5e918a06649ffac24fd5873b875daf66212ad-master/actionpack/lib/action_dispatch/middleware/templates/rescues/_request_and_response.erb (14.3ms)
Rendered /Users/jonathanhicks/.bundle/ruby/1.8/bundler/gems/rails-16a5e918a06649ffac24fd5873b875daf66212ad-master/actionpack/lib/action_dispatch/middleware/templates/rescues/template_error.erb within /Users/jonathanhicks/.bundle/ruby/1.8/bundler/gems/rails-16a5e918a06649ffac24fd5873b875daf66212ad-master/actionpack/lib/action_dispatch/middleware/templates/rescues/layout.erb (24.0ms)


Started GET "/scope_inputs" for 127.0.0.1 at 2010-03-04 16:39:29
  [1m[35mSQL (0.1ms)[0m  SET client_min_messages TO 'panic'
  [1m[36mSQL (0.1ms)[0m  [1mSET client_min_messages TO 'notice'[0m
  [1m[35mSQL (0.3ms)[0m  SET time zone 'UTC'
  Processing by ScopeInputsController#index as HTML
  [1m[36mScopeInput Load (1.4ms)[0m  [1mSELECT "scope_inputs".* FROM "scope_inputs" LIMIT 10[0m

ActionView::Template::Error (undefined method `scope_input_path' for #<Class>) on line #23 of /Users/jonathanhicks/Projects/sea_scripts/data_viewer/app/views/scope_inputs/index.html.erb:
20: 		<td><%= scope_input.energy %></td>
21: 		<td><%= scope_input.pixel %></td>
22: 		<td><%= scope_input.scan %></td>
23:     <td><%= link_to 'Show', scope_input %></td>
24:   </tr>
25: <% end %>
26: </table>

    app/views/scope_inputs/index.html.erb:23:in `_render_template__1398222712_2167907160_0'
    app/views/scope_inputs/index.html.erb:14:in `_render_template__1398222712_2167907160_0'
    app/controllers/scope_inputs_controller.rb:6:in `index'

Rendered /Users/jonathanhicks/.bundle/ruby/1.8/bundler/gems/rails-16a5e918a06649ffac24fd5873b875daf66212ad-master/actionpack/lib/action_dispatch/middleware/templates/rescues/_trace.erb (0.8ms)
  [1m[35mSQL (0.3ms)[0m  SET client_min_messages TO 'panic'
  [1m[36mSQL (0.2ms)[0m  [1mSET client_min_messages TO 'notice'[0m
  [1m[35mSQL (0.4ms)[0m  SET time zone 'UTC'
Rendered /Users/jonathanhicks/.bundle/ruby/1.8/bundler/gems/rails-16a5e918a06649ffac24fd5873b875daf66212ad-master/actionpack/lib/action_dispatch/middleware/templates/rescues/_request_and_response.erb (13.1ms)
Rendered /Users/jonathanhicks/.bundle/ruby/1.8/bundler/gems/rails-16a5e918a06649ffac24fd5873b875daf66212ad-master/actionpack/lib/action_dispatch/middleware/templates/rescues/template_error.erb within /Users/jonathanhicks/.bundle/ruby/1.8/bundler/gems/rails-16a5e918a06649ffac24fd5873b875daf66212ad-master/actionpack/lib/action_dispatch/middleware/templates/rescues/layout.erb (22.5ms)


Started GET "/scope_inputs" for 127.0.0.1 at 2010-03-04 16:40:34
  [1m[36mSQL (0.2ms)[0m  [1mSET client_min_messages TO 'panic'[0m
  [1m[35mSQL (0.1ms)[0m  SET client_min_messages TO 'notice'
  [1m[36mSQL (0.3ms)[0m  [1mSET time zone 'UTC'[0m
  Processing by ScopeInputsController#index as HTML
  [1m[35mScopeInput Load (1.5ms)[0m  SELECT "scope_inputs".* FROM "scope_inputs" LIMIT 10
Rendered scope_inputs/index.html.erb within layouts/scope_inputs.html.erb (16.8ms)
Completed 200 OK in 24ms (Views: 17.4ms | ActiveRecord: 1.9ms)


Started GET "/scope_input/1" for 127.0.0.1 at 2010-03-04 16:40:37
  [1m[36mSQL (0.1ms)[0m  [1mSET client_min_messages TO 'panic'[0m
  [1m[35mSQL (0.1ms)[0m  SET client_min_messages TO 'notice'
  [1m[36mSQL (0.4ms)[0m  [1mSET time zone 'UTC'[0m
  Processing by ScopeInputsController#show as HTML
  Parameters: {"id"=>"1"}
  [1m[35mScopeInput Load (0.6ms)[0m  SELECT "scope_inputs".* FROM "scope_inputs" WHERE ("scope_inputs"."id" = 1) LIMIT 1

ActionView::Template::Error (undefined method `edit_scope_input_path' for #<Class>) on line #2 of /Users/jonathanhicks/Projects/sea_scripts/data_viewer/app/views/scope_inputs/show.html.erb:
1: 
2: <%= link_to 'Edit', edit_scope_input_path(@scope_input) %> |
3: <%= link_to 'Back', scope_inputs_path %>

    app/views/scope_inputs/show.html.erb:2:in `_render_template__1426342378_2168658280_0'
    app/controllers/scope_inputs_controller.rb:15:in `show'

Rendered /Users/jonathanhicks/.bundle/ruby/1.8/bundler/gems/rails-16a5e918a06649ffac24fd5873b875daf66212ad-master/actionpack/lib/action_dispatch/middleware/templates/rescues/_trace.erb (0.9ms)
  [1m[36mSQL (0.2ms)[0m  [1mSET client_min_messages TO 'panic'[0m
  [1m[35mSQL (0.2ms)[0m  SET client_min_messages TO 'notice'
  [1m[36mSQL (0.3ms)[0m  [1mSET time zone 'UTC'[0m
Rendered /Users/jonathanhicks/.bundle/ruby/1.8/bundler/gems/rails-16a5e918a06649ffac24fd5873b875daf66212ad-master/actionpack/lib/action_dispatch/middleware/templates/rescues/_request_and_response.erb (9.7ms)
Rendered /Users/jonathanhicks/.bundle/ruby/1.8/bundler/gems/rails-16a5e918a06649ffac24fd5873b875daf66212ad-master/actionpack/lib/action_dispatch/middleware/templates/rescues/template_error.erb within /Users/jonathanhicks/.bundle/ruby/1.8/bundler/gems/rails-16a5e918a06649ffac24fd5873b875daf66212ad-master/actionpack/lib/action_dispatch/middleware/templates/rescues/layout.erb (20.0ms)


Started GET "/scope_input/1" for 127.0.0.1 at 2010-03-04 16:40:49
  Processing by ScopeInputsController#show as HTML
  Parameters: {"id"=>"1"}
  [1m[35mScopeInput Load (0.6ms)[0m  SELECT "scope_inputs".* FROM "scope_inputs" WHERE ("scope_inputs"."id" = 1) LIMIT 1

ActionView::Template::Error (undefined local variable or method `scope_inputs_path' for #<Class>) on line #2 of /Users/jonathanhicks/Projects/sea_scripts/data_viewer/app/views/scope_inputs/show.html.erb:
1: 
2: <%= link_to 'Back', scope_inputs_path %>

    app/views/scope_inputs/show.html.erb:2:in `_render_template__1426342378_2166346060_0'
    app/controllers/scope_inputs_controller.rb:15:in `show'

Rendered /Users/jonathanhicks/.bundle/ruby/1.8/bundler/gems/rails-16a5e918a06649ffac24fd5873b875daf66212ad-master/actionpack/lib/action_dispatch/middleware/templates/rescues/_trace.erb (0.7ms)
  [1m[36mSQL (0.3ms)[0m  [1mSET client_min_messages TO 'panic'[0m
  [1m[35mSQL (0.1ms)[0m  SET client_min_messages TO 'notice'
  [1m[36mSQL (0.4ms)[0m  [1mSET time zone 'UTC'[0m
Rendered /Users/jonathanhicks/.bundle/ruby/1.8/bundler/gems/rails-16a5e918a06649ffac24fd5873b875daf66212ad-master/actionpack/lib/action_dispatch/middleware/templates/rescues/_request_and_response.erb (11.0ms)
Rendered /Users/jonathanhicks/.bundle/ruby/1.8/bundler/gems/rails-16a5e918a06649ffac24fd5873b875daf66212ad-master/actionpack/lib/action_dispatch/middleware/templates/rescues/template_error.erb within /Users/jonathanhicks/.bundle/ruby/1.8/bundler/gems/rails-16a5e918a06649ffac24fd5873b875daf66212ad-master/actionpack/lib/action_dispatch/middleware/templates/rescues/layout.erb (20.5ms)


Started GET "/scope_input/1" for 127.0.0.1 at 2010-03-04 16:41:16
  [1m[36mSQL (0.1ms)[0m  [1mSET client_min_messages TO 'panic'[0m
  [1m[35mSQL (0.1ms)[0m  SET client_min_messages TO 'notice'
  [1m[36mSQL (0.3ms)[0m  [1mSET time zone 'UTC'[0m
  Processing by ScopeInputsController#show as HTML
  Parameters: {"id"=>"1"}
  [1m[35mScopeInput Load (0.6ms)[0m  SELECT "scope_inputs".* FROM "scope_inputs" WHERE ("scope_inputs"."id" = 1) LIMIT 1
Rendered scope_inputs/show.html.erb within layouts/scope_inputs.html.erb (3.7ms)
Completed 200 OK in 15ms (Views: 5.5ms | ActiveRecord: 1.0ms)


Started GET "/scope_inputs" for 127.0.0.1 at 2010-03-04 16:41:18
  [1m[36mSQL (0.1ms)[0m  [1mSET client_min_messages TO 'panic'[0m
  [1m[35mSQL (0.1ms)[0m  SET client_min_messages TO 'notice'
  [1m[36mSQL (0.3ms)[0m  [1mSET time zone 'UTC'[0m
  Processing by ScopeInputsController#index as HTML
  [1m[35mScopeInput Load (1.3ms)[0m  SELECT "scope_inputs".* FROM "scope_inputs" LIMIT 10
Rendered scope_inputs/index.html.erb within layouts/scope_inputs.html.erb (15.2ms)
Completed 200 OK in 22ms (Views: 15.8ms | ActiveRecord: 1.7ms)


Started GET "/" for 127.0.0.1 at 2010-03-04 16:57:24
  [1m[36mSQL (0.2ms)[0m  [1mSET client_min_messages TO 'panic'[0m
  [1m[35mSQL (0.1ms)[0m  SET client_min_messages TO 'notice'
  [1m[36mSQL (0.4ms)[0m  [1mSET time zone 'UTC'[0m
  Processing by ScopeInputsController#index as HTML
  [1m[35mScopeInput Load (1.5ms)[0m  SELECT "scope_inputs".* FROM "scope_inputs" LIMIT 10
Rendered scope_inputs/index.html.erb within layouts/scope_inputs.html.erb (73.8ms)
Completed 200 OK in 77ms (Views: 74.6ms | ActiveRecord: 2.0ms)
